<?xml version="1.0" encoding="UTF-8"?>
<!-- Generated by org.testng.reporters.JUnitReportReporter -->
<testsuite skipped="1" hostname="FORAM" name="DDT.GmailTestDemo" tests="1" failures="0" timestamp="29 Aug 2017 02:50:01 GMT" time="0.000" errors="0">
  <testcase name="doLogin" time="0.000" classname="DDT.GmailTestDemo">
    <skipped/>
  </testcase> <!-- doLogin -->
</testsuite> <!-- DDT.GmailTestDemo -->
